2021-02-11 13:29:03.408 - INFO - 15478 - azureml.train.automl.automlconfig._start_execution:208 - Submitting remote.
2021-02-11 14:29:15.629 - INFO - 15478 - azureml.train.automl.run._log_activity:54 - ActivityStarted: GetOutput
2021-02-11 14:29:15.694 - INFO - 15478 - azureml.train.automl.run._log_activity:54 - ActivityStarted: GetOutput
2021-02-11 14:29:15.709 - INFO - 15478 - azureml.train.automl.run._log_activity:54 - ActivityStarted: GetChildren
2021-02-11 14:29:15.811 - INFO - 15478 - azureml.train.automl.run._log_activity:92 - ActivityCompleted: Activity=GetChildren, HowEnded=Success, Duration=101.25[ms]
2021-02-11 14:29:15.811 - INFO - 15478 - azureml.train.automl.run._log_activity:92 - ActivityCompleted: Activity=GetOutput, HowEnded=Success, Duration=116.72[ms]
2021-02-11 14:29:15.816 - INFO - 15478 - azureml.train.automl._model_download_utilities._log_activity:54 - ActivityStarted: DownloadModel
2021-02-11 14:29:24.015 - INFO - 15478 - azureml.automl.runtime.distributed.utilities.horovod_initialized:58 - Horovod not found in current environment. Distribution via Horovod will be disabled.
2021-02-11 14:29:26.160 - INFO - 15478 - azureml.automl.runtime.featurization.data_transformer.__init__:184 - Feature sweeping enabled: False
2021-02-11 14:29:26.160 - INFO - 15478 - azureml.automl.runtime.featurization.data_transformer.__init__:185 - Feature sweeping timeout: 86400
2021-02-11 14:29:27.746 - INFO - 15478 - azureml.train.automl._model_download_utilities._log_activity:92 - ActivityCompleted: Activity=DownloadModel, HowEnded=Success, Duration=11929.79[ms]
2021-02-11 14:29:27.746 - INFO - 15478 - azureml.train.automl.run._log_activity:92 - ActivityCompleted: Activity=GetOutput, HowEnded=Success, Duration=12117.39[ms]
2021-02-11 14:29:56.235 - INFO - 15478 - azureml.train.automl.run._log_activity:54 - ActivityStarted: GetOutput
2021-02-11 14:29:56.245 - INFO - 15478 - azureml.train.automl.run._log_activity:54 - ActivityStarted: GetOutput
2021-02-11 14:29:56.267 - INFO - 15478 - azureml.train.automl.run._log_activity:54 - ActivityStarted: GetChildren
2021-02-11 14:29:56.381 - INFO - 15478 - azureml.train.automl.run._log_activity:92 - ActivityCompleted: Activity=GetChildren, HowEnded=Success, Duration=113.82[ms]
2021-02-11 14:29:56.381 - INFO - 15478 - azureml.train.automl.run._log_activity:92 - ActivityCompleted: Activity=GetOutput, HowEnded=Success, Duration=135.99[ms]
2021-02-11 14:29:56.391 - INFO - 15478 - azureml.train.automl._model_download_utilities._log_activity:54 - ActivityStarted: DownloadModel
2021-02-11 14:29:56.844 - INFO - 15478 - azureml.automl.runtime.featurization.data_transformer.__init__:184 - Feature sweeping enabled: False
2021-02-11 14:29:56.844 - INFO - 15478 - azureml.automl.runtime.featurization.data_transformer.__init__:185 - Feature sweeping timeout: 86400
2021-02-11 14:29:56.896 - INFO - 15478 - azureml.train.automl._model_download_utilities._log_activity:92 - ActivityCompleted: Activity=DownloadModel, HowEnded=Success, Duration=504.67[ms]
2021-02-11 14:29:56.896 - INFO - 15478 - azureml.train.automl.run._log_activity:92 - ActivityCompleted: Activity=GetOutput, HowEnded=Success, Duration=660.95[ms]
